<?xml version="1.0" encoding="UTF-8"?>
<!-- Generated by org.testng.reporters.JUnitReportReporter -->
<testsuite hostname="TarushDubale" failures="0" tests="4" name="test.ProrityClass" time="0.026" errors="0" timestamp="2024-10-15T19:24:23 IST" skipped="0">
  <testcase classname="test.ProrityClass" name="two" time="0.018"/>
  <system-out/>
  <testcase classname="test.ProrityClass" name="four" time="0.002"/>
  <system-out/>
  <testcase classname="test.ProrityClass" name="one" time="0.002"/>
  <system-out/>
  <testcase classname="test.ProrityClass" name="three" time="0.004"/>
  <system-out/>
</testsuite> <!-- test.ProrityClass -->
