<?xml version="1.0" encoding="UTF-8"?>
<!-- Generated by org.testng.reporters.JUnitReportReporter -->
<testsuite hostname="TarushDubale" failures="0" tests="1" name="parallel.DataP2" time="44.541" errors="0" timestamp="2024-10-21T21:13:28 IST" skipped="0">
  <testcase classname="parallel.DataP2" name="first" time="44.541"/>
  <system-out/>
</testsuite> <!-- parallel.DataP2 -->
