<?xml version="1.0" encoding="UTF-8"?>
<!-- Generated by org.testng.reporters.JUnitReportReporter -->
<testsuite hostname="TarushDubale" failures="0" tests="4" name="test.DependsOnMethodss" time="0.015" errors="0" timestamp="2024-10-15T19:27:17 IST" skipped="0">
  <testcase classname="test.DependsOnMethodss" name="address" time="0.001"/>
  <system-out/>
  <testcase classname="test.DependsOnMethodss" name="login" time="0.012"/>
  <system-out/>
  <testcase classname="test.DependsOnMethodss" name="DashPage" time="0.001"/>
  <system-out/>
  <testcase classname="test.DependsOnMethodss" name="payment" time="0.001"/>
  <system-out/>
</testsuite> <!-- test.DependsOnMethodss -->
