<?xml version="1.0" encoding="UTF-8"?>
<!-- Generated by org.testng.reporters.JUnitReportReporter -->
<testsuite hostname="TarushDubale" failures="0" tests="4" name="test.EnableDisable" time="0.017" errors="0" timestamp="2024-10-15T19:36:18 IST" skipped="2">
  <testcase classname="test.EnableDisable" name="one" time="0.013"/>
  <system-out/>
  <testcase classname="test.EnableDisable" name="two" time="0.004"/>
  <system-out/>
  <testcase classname="test.EnableDisable" name="three">
    <skipped/>
  </testcase> <!-- three -->
  <system-out/>
  <testcase classname="test.EnableDisable" name="four">
    <skipped/>
  </testcase> <!-- four -->
  <system-out/>
</testsuite> <!-- test.EnableDisable -->
