<?xml version="1.0" encoding="UTF-8"?>
<!-- Generated by org.testng.reporters.JUnitReportReporter -->
<testsuite hostname="TarushDubale" failures="0" tests="3" name="dataprovider.DataProviderClass" time="142.402" errors="0" timestamp="2024-10-16T20:29:26 IST" skipped="0">
  <testcase classname="dataprovider.DataProviderClass" name="login" time="48.524"/>
  <system-out/>
  <testcase classname="dataprovider.DataProviderClass" name="login" time="45.858"/>
  <system-out/>
  <testcase classname="dataprovider.DataProviderClass" name="login" time="48.020"/>
  <system-out/>
</testsuite> <!-- dataprovider.DataProviderClass -->
