<?xml version="1.0" encoding="UTF-8"?>
<!-- Generated by org.testng.reporters.JUnitReportReporter -->
<testsuite hostname="TarushDubale" failures="0" tests="2" name="test.AnnotationsClass" time="0.031" errors="0" timestamp="2024-10-16T19:51:08 IST" skipped="0">
  <testcase classname="test.AnnotationsClass" name="testCaseTwo" time="0.005"/>
  <system-out/>
  <testcase classname="test.AnnotationsClass" name="testCaseOne" time="0.026"/>
  <system-out/>
</testsuite> <!-- test.AnnotationsClass -->
