<?xml version="1.0" encoding="UTF-8"?>
<!-- Generated by org.testng.reporters.JUnitReportReporter -->
<testsuite hostname="TarushDubale" failures="0" tests="1" name="parallel.DataP" time="41.632" errors="0" timestamp="2024-10-21T21:13:28 IST" skipped="0">
  <testcase classname="parallel.DataP" name="first" time="41.632"/>
  <system-out/>
</testsuite> <!-- parallel.DataP -->
