<?xml version="1.0" encoding="UTF-8"?>
<!-- Generated by org.testng.reporters.JUnitReportReporter -->
<testsuite hostname="TarushDubale" failures="0" tests="1" name="test.Parametrizationn" time="45.821" errors="0" timestamp="2024-10-16T20:05:32 IST" skipped="0">
  <testcase classname="test.Parametrizationn" name="param" time="45.821"/>
  <system-out/>
</testsuite> <!-- test.Parametrizationn -->
