<?xml version="1.0" encoding="UTF-8"?>
<!-- Generated by org.testng.reporters.JUnitReportReporter -->
<testsuite hostname="TarushDubale" failures="0" tests="1" name="test.Parametrizationn" time="27.702" errors="0" timestamp="2024-10-15T19:47:36 IST" skipped="0">
  <testcase classname="test.Parametrizationn" name="param" time="27.702"/>
  <system-out/>
</testsuite> <!-- test.Parametrizationn -->
