<?xml version="1.0" encoding="UTF-8"?>
<!-- Generated by org.testng.reporters.JUnitReportReporter -->
<testsuite hostname="TarushDubale" failures="0" tests="2" name="test.AutomationSite" time="3.566" errors="0" timestamp="2024-10-15T19:18:59 IST" skipped="0">
  <testcase classname="test.AutomationSite" name="loginTest" time="2.616"/>
  <system-out/>
  <testcase classname="test.AutomationSite" name="dashboardTest" time="0.950"/>
  <system-out/>
</testsuite> <!-- test.AutomationSite -->
