<?xml version="1.0" encoding="UTF-8"?>
<!-- Generated by org.testng.reporters.JUnitReportReporter -->
<testsuite hostname="TarushDubale" failures="0" tests="1" name="test.TestNGClass" time="0.024" errors="0" timestamp="2024-10-11T20:13:13 IST" skipped="0">
  <testcase classname="test.TestNGClass" name="testCase" time="0.024"/>
  <system-out/>
</testsuite> <!-- test.TestNGClass -->
